0 info it worked if it ends with ok
1 verbose cli [ 'C:\\Applications\\nodejs\\node.exe',
1 verbose cli   'C:\\Applications\\nodejs\\node_modules\\npm\\bin\\npm-cli.js',
1 verbose cli   'install',
1 verbose cli   '-g',
1 verbose cli   'n' ]
2 info using npm@3.3.12
3 info using node@v5.4.0
4 silly loadCurrentTree Starting
5 silly install loadCurrentTree
6 silly install readGlobalPackageData
7 silly fetchPackageMetaData n
8 silly fetchNamedPackageData n
9 silly mapToRegistry name n
10 silly mapToRegistry using default registry
11 silly mapToRegistry registry https://registry.npmjs.org/
12 silly mapToRegistry uri https://registry.npmjs.org/n
13 verbose request uri https://registry.npmjs.org/n
14 verbose request no auth needed
15 info attempt registry request try #1 at 10:09:54
16 verbose request id e6bf506c9856192d
17 http request GET https://registry.npmjs.org/n
18 http 200 https://registry.npmjs.org/n
19 verbose headers { server: 'CouchDB/1.5.0 (Erlang OTP/R16B03)',
19 verbose headers   etag: '"7MQSDZ7RMTH0GO462113ONSZZ"',
19 verbose headers   'content-type': 'application/json',
19 verbose headers   'cache-control': 'max-age=300',
19 verbose headers   'content-length': '56015',
19 verbose headers   'accept-ranges': 'bytes',
19 verbose headers   date: 'Mon, 11 Apr 2016 08:09:37 GMT',
19 verbose headers   via: '1.1 varnish',
19 verbose headers   age: '110',
19 verbose headers   connection: 'keep-alive',
19 verbose headers   'x-served-by': 'cache-ams4125-AMS',
19 verbose headers   'x-cache': 'HIT',
19 verbose headers   'x-cache-hits': '2',
19 verbose headers   'x-timer': 'S1460362177.699223,VS0,VE0',
19 verbose headers   vary: 'Accept-Encoding' }
20 silly get cb [ 200,
20 silly get   { server: 'CouchDB/1.5.0 (Erlang OTP/R16B03)',
20 silly get     etag: '"7MQSDZ7RMTH0GO462113ONSZZ"',
20 silly get     'content-type': 'application/json',
20 silly get     'cache-control': 'max-age=300',
20 silly get     'content-length': '56015',
20 silly get     'accept-ranges': 'bytes',
20 silly get     date: 'Mon, 11 Apr 2016 08:09:37 GMT',
20 silly get     via: '1.1 varnish',
20 silly get     age: '110',
20 silly get     connection: 'keep-alive',
20 silly get     'x-served-by': 'cache-ams4125-AMS',
20 silly get     'x-cache': 'HIT',
20 silly get     'x-cache-hits': '2',
20 silly get     'x-timer': 'S1460362177.699223,VS0,VE0',
20 silly get     vary: 'Accept-Encoding' } ]
21 verbose get saving n to C:\Users\CE_REAL\AppData\Roaming\npm-cache\registry.npmjs.org\n\.cache.json
22 verbose makeDirectory C:\Users\CE_REAL\AppData\Roaming\npm-cache creation not in flight; initializing
23 verbose makeCacheDir UID & GID are irrelevant on win32
24 silly install normalizeTree
25 silly loadCurrentTree Finishing
26 silly loadIdealTree Starting
27 silly install loadIdealTree
28 silly cloneCurrentTree Starting
29 silly install cloneCurrentTreeToIdealTree
30 silly cloneCurrentTree Finishing
31 silly loadShrinkwrap Starting
32 silly install loadShrinkwrap
33 silly loadShrinkwrap Finishing
34 silly loadAllDepsIntoIdealTree Starting
35 silly install loadAllDepsIntoIdealTree
36 silly rollbackFailedOptional Starting
37 silly rollbackFailedOptional Finishing
38 silly runTopLevelLifecycles Starting
39 silly runTopLevelLifecycles Finishing
40 silly install printInstalled
41 verbose stack Error: Unsupported
41 verbose stack     at checkPlatform (C:\Applications\nodejs\node_modules\npm\node_modules\npm-install-checks\index.js:46:14)
41 verbose stack     at Array.<anonymous> (C:\Applications\nodejs\node_modules\npm\node_modules\slide\lib\bind-actor.js:15:8)
41 verbose stack     at LOOP (C:\Applications\nodejs\node_modules\npm\node_modules\slide\lib\chain.js:15:14)
41 verbose stack     at C:\Applications\nodejs\node_modules\npm\node_modules\slide\lib\chain.js:18:7
41 verbose stack     at checkEngine (C:\Applications\nodejs\node_modules\npm\node_modules\npm-install-checks\index.js:25:10)
41 verbose stack     at Array.<anonymous> (C:\Applications\nodejs\node_modules\npm\node_modules\slide\lib\bind-actor.js:15:8)
41 verbose stack     at LOOP (C:\Applications\nodejs\node_modules\npm\node_modules\slide\lib\chain.js:15:14)
41 verbose stack     at chain (C:\Applications\nodejs\node_modules\npm\node_modules\slide\lib\chain.js:20:5)
41 verbose stack     at module.exports.isInstallable (C:\Applications\nodejs\node_modules\npm\lib\install\validate-args.js:26:3)
41 verbose stack     at Array.<anonymous> (C:\Applications\nodejs\node_modules\npm\node_modules\slide\lib\bind-actor.js:15:8)
42 verbose pkgid n@2.1.0
43 verbose cwd C:\Development\sinaasappelsAPP
44 error Windows_NT 10.0.10586
45 error argv "C:\\Applications\\nodejs\\node.exe" "C:\\Applications\\nodejs\\node_modules\\npm\\bin\\npm-cli.js" "install" "-g" "n"
46 error node v5.4.0
47 error npm  v3.3.12
48 error code EBADPLATFORM
49 error notsup Unsupported
49 error notsup Not compatible with your operating system or architecture: n@2.1.0
49 error notsup Valid OS:    !win32
49 error notsup Valid Arch:  any
49 error notsup Actual OS:   win32
49 error notsup Actual Arch: x64
50 verbose exit [ 1, true ]
